<?xml version="1.0" encoding="UTF-8"?>
<testsuite name="org.example.ConnectionUtilTest" tests="1" skipped="0" failures="0" errors="0" timestamp="2023-03-07T22:01:50" hostname="VIJAY" time="0.031">
  <properties/>
  <testcase name="getConnection()" classname="org.example.ConnectionUtilTest" time="0.031"/>
  <system-out><![CDATA[]]></system-out>
  <system-err><![CDATA[]]></system-err>
</testsuite>
