<?xml version="1.0" encoding="UTF-8"?>
<testsuite name="org.example.LoginTest" tests="2" skipped="0" failures="0" errors="0" timestamp="2023-03-07T22:01:51" hostname="VIJAY" time="0.2">
  <properties/>
  <testcase name="login_val_should_return_true_for_valid_credentials()" classname="org.example.LoginTest" time="0.14"/>
  <testcase name="login_val_should_return_false_for_invalid_credentials()" classname="org.example.LoginTest" time="0.06"/>
  <system-out><![CDATA[]]></system-out>
  <system-err><![CDATA[]]></system-err>
</testsuite>
